<?xml version="1.0" encoding="UTF-8"?>
<testng-results skipped="0" failed="0" ignored="0" total="1" passed="1">
  <reporter-output>
  </reporter-output>
  <suite name="Default suite" duration-ms="34602" started-at="2018-10-31T07:26:48Z" finished-at="2018-10-31T07:27:23Z">
    <groups>
    </groups>
    <test name="Default test" duration-ms="34602" started-at="2018-10-31T07:26:48Z" finished-at="2018-10-31T07:27:23Z">
      <class name="test.Backend.Tests.BookingEmailConfigTest">
        <test-method status="PASS" signature="setup()[pri:0, instance:test.Backend.Tests.BookingEmailConfigTest@6574b225]" name="setup" is-config="true" duration-ms="27871" started-at="2018-10-31T13:11:48Z" finished-at="2018-10-31T13:12:16Z">
          <reporter-output>
          </reporter-output>
        </test-method> <!-- setup -->
        <test-method status="PASS" signature="BookingEmailConfig()[pri:0, instance:test.Backend.Tests.BookingEmailConfigTest@6574b225]" name="BookingEmailConfig" duration-ms="5458" started-at="2018-10-31T13:12:16Z" finished-at="2018-10-31T13:12:21Z">
          <reporter-output>
          </reporter-output>
        </test-method> <!-- BookingEmailConfig -->
        <test-method status="PASS" signature="QuitBrowser()[pri:0, instance:test.Backend.Tests.BookingEmailConfigTest@6574b225]" name="QuitBrowser" is-config="true" duration-ms="1247" started-at="2018-10-31T13:12:21Z" finished-at="2018-10-31T13:12:23Z">
          <reporter-output>
          </reporter-output>
        </test-method> <!-- QuitBrowser -->
      </class> <!-- test.Backend.Tests.BookingEmailConfigTest -->
    </test> <!-- Default test -->
  </suite> <!-- Default suite -->
</testng-results>
